0 3 10
1 10 11
l: 3 10
1 44 11
1 72 21
1 100 27
1 94 34
1 97 35
1 7 37
2 28 38
3 97 43
3 38 48
l: 3 10
3 22 49
l: 3 10
3 36 51
l: 3 10
3 3 53
4 45 53
l: 3 53
4 32 56
l: 3 53
4 73 59
4 3 60
5 59 60
l: 3 60
5 3 64
6 57 65
l: 3 64
6 80 65
6 24 73
7 33 73
l: 3 64
7 71 73
l: 3 64
7 10 74
l: 3 64
7 82 74
7 2 75
8 25 75
l: 2 75
8 79 75
8 92 79
8 31 81
l: 2 75
8 32 81
l: 2 75
8 48 82
l: 2 75
8 94 82
8 34 83
l: 2 75
8 30 88
l: 2 75
8 7 89
9 48 90
l: 2 75
9 46 91
l: 2 75
9 54 92
l: 2 75
9 86 93
l: 2 75
9 6 94
10 90 95
l: 2 75
10 24 96
l: 2 75
10 69 96
l: 2 75
10 98 96
10 16 100
l: 2 75
10 69 100
l: 2 75
10 83 100
l: 2 75
10
